<?xml version="1.0" encoding="UTF-8"?>
<!-- Generated by org.testng.reporters.JUnitReportReporter -->
<testsuite hostname="DESKTOP-JLKBKOP" failures="1" tests="1" name="com.selenium.tests.TestDisplayCustomer" time="0.000" errors="0" timestamp="12 Oct 2020 17:11:38 GMT">
  <testcase classname="com.selenium.tests.TestDisplayCustomer" name="testValidCustomerDetails" time="0.000">
    <failure message="java.io.FileNotFoundException: C:\Users\rajes\Learning\eclipse-workspace\JavaBasics\src\customer_registration.xlsx (The system cannot find the file specified)" type="java.lang.RuntimeException">
      <![CDATA[java.lang.RuntimeException: java.io.FileNotFoundException: C:\Users\rajes\Learning\eclipse-workspace\JavaBasics\src\customer_registration.xlsx (The system cannot find the file specified)
	at org.testng.internal.MethodInvocationHelper.invokeDataProvider(MethodInvocationHelper.java:161)
	at org.testng.internal.Parameters.handleParameters(Parameters.java:429)
	at org.testng.internal.Invoker.handleParameters(Invoker.java:1383)
	at org.testng.internal.Invoker.createParameters(Invoker.java:1075)
	at org.testng.internal.Invoker.invokeTestMethods(Invoker.java:1180)
	at org.testng.internal.TestMethodWorker.invokeTestMethods(TestMethodWorker.java:127)
	at org.testng.internal.TestMethodWorker.run(TestMethodWorker.java:111)
	at org.testng.TestRunner.privateRun(TestRunner.java:767)
	at org.testng.TestRunner.run(TestRunner.java:617)
	at org.testng.SuiteRunner.runTest(SuiteRunner.java:334)
	at org.testng.SuiteRunner.runSequentially(SuiteRunner.java:329)
	at org.testng.SuiteRunner.privateRun(SuiteRunner.java:291)
	at org.testng.SuiteRunner.run(SuiteRunner.java:240)
	at org.testng.SuiteRunnerWorker.runSuite(SuiteRunnerWorker.java:52)
	at org.testng.SuiteRunnerWorker.run(SuiteRunnerWorker.java:86)
	at org.testng.TestNG.runSuitesSequentially(TestNG.java:1224)
	at org.testng.TestNG.runSuitesLocally(TestNG.java:1149)
	at org.testng.TestNG.run(TestNG.java:1057)
	at org.testng.remote.AbstractRemoteTestNG.run(AbstractRemoteTestNG.java:115)
	at org.testng.remote.RemoteTestNG.initAndRun(RemoteTestNG.java:251)
	at org.testng.remote.RemoteTestNG.main(RemoteTestNG.java:77)
Caused by: java.io.FileNotFoundException: C:\Users\rajes\Learning\eclipse-workspace\JavaBasics\src\customer_registration.xlsx (The system cannot find the file specified)
	at java.base/java.io.FileInputStream.open0(Native Method)
	at java.base/java.io.FileInputStream.open(FileInputStream.java:213)
	at java.base/java.io.FileInputStream.<init>(FileInputStream.java:155)
	at java.base/java.io.FileInputStream.<init>(FileInputStream.java:110)
	at com.selenium.setup.ExcelUtils.readExcelData(ExcelUtils.java:32)
	at com.selenium.tests.TestDisplayCustomer.getExcelData(TestDisplayCustomer.java:88)
	at java.base/jdk.internal.reflect.NativeMethodAccessorImpl.invoke0(Native Method)
	at java.base/jdk.internal.reflect.NativeMethodAccessorImpl.invoke(NativeMethodAccessorImpl.java:62)
	at java.base/jdk.internal.reflect.DelegatingMethodAccessorImpl.invoke(DelegatingMethodAccessorImpl.java:43)
	at java.base/java.lang.reflect.Method.invoke(Method.java:567)
	at org.testng.internal.MethodInvocationHelper.invokeMethod(MethodInvocationHelper.java:84)
	at org.testng.internal.MethodInvocationHelper.invokeDataProvider(MethodInvocationHelper.java:135)
	... 20 more
]]>
    </failure>
  </testcase> <!-- testValidCustomerDetails -->
</testsuite> <!-- com.selenium.tests.TestDisplayCustomer -->
