<?xml version="1.0" encoding="UTF-8"?>
<!-- Generated by org.testng.reporters.JUnitReportReporter -->
<testsuite hostname="DESKTOP-JLKBKOP" failures="0" tests="1" name="ExtentReportDemo" time="9.193" errors="0" timestamp="2023-01-08T06:12:04 EST" skipped="0">
  <testcase classname="ExtentReportDemo" name="initialDemo" time="9.193"/>
  <system-out/>
</testsuite> <!-- ExtentReportDemo -->
