<?xml version="1.0" encoding="UTF-8"?>
<!-- Generated by org.testng.reporters.JUnitReportReporter -->
<testsuite hostname="DESKTOP-JLKBKOP" failures="0" tests="4" name="testNGframeWork.test.SubmitOrderTest" time="73.593" errors="0" timestamp="2023-01-09T07:08:45 EST" skipped="0">
  <testcase classname="testNGframeWork.test.SubmitOrderTest" name="OrderHistoryTest" time="24.139"/>
  <system-out/>
  <testcase classname="testNGframeWork.test.SubmitOrderTest" name="OrderHistoryTest" time="22.936"/>
  <system-out/>
  <testcase classname="testNGframeWork.test.SubmitOrderTest" name="submitorder" time="13.416"/>
  <system-out/>
  <testcase classname="testNGframeWork.test.SubmitOrderTest" name="submitorder" time="13.102"/>
  <system-out/>
</testsuite> <!-- testNGframeWork.test.SubmitOrderTest -->
