<?xml version="1.0" encoding="UTF-8"?>
<!-- Generated by org.testng.reporters.JUnitReportReporter -->
<testsuite hostname="DESKTOP-JLKBKOP" failures="0" tests="3" name="excelDatadriven.dataProvide" time="0.012" errors="0" timestamp="2022-12-28T21:26:13 EST" skipped="0">
  <testcase classname="excelDatadriven.dataProvide" name="TestCaseData" time="0.003"/>
  <system-out/>
  <testcase classname="excelDatadriven.dataProvide" name="TestCaseData" time="0.002"/>
  <system-out/>
  <testcase classname="excelDatadriven.dataProvide" name="TestCaseData" time="0.007"/>
  <system-out/>
</testsuite> <!-- excelDatadriven.dataProvide -->
