<?xml version="1.0" encoding="UTF-8"?>
<!-- Generated by org.testng.reporters.JUnitReportReporter -->
<testsuite hostname="DESKTOP-JLKBKOP" failures="0" tests="2" name="Learning.Mavenjava.RestAPITest" time="0.016" errors="0" timestamp="2020-08-16T08:14:51 EDT" skipped="0">
  <testcase classname="Learning.Mavenjava.RestAPITest" name="PosJira" time="0.008"/>
  <system-out/>
  <testcase classname="Learning.Mavenjava.RestAPITest" name="deleteTwitter" time="0.008"/>
  <system-out/>
</testsuite> <!-- Learning.Mavenjava.RestAPITest -->
