<?xml version="1.0" encoding="UTF-8"?>
<!-- Generated by org.testng.reporters.JUnitReportReporter -->
<testsuite hostname="DESKTOP-JLKBKOP" failures="0" tests="2" name="Learning.Mavenjava.AppiumTest" time="0.008" errors="0" timestamp="2020-08-16T08:14:41 EDT" skipped="0">
  <testcase classname="Learning.Mavenjava.AppiumTest" name="NativeAppAndroid" time="0.008"/>
  <system-out/>
  <testcase classname="Learning.Mavenjava.AppiumTest" name="iOS" time="0.000"/>
  <system-out/>
</testsuite> <!-- Learning.Mavenjava.AppiumTest -->
