<?xml version="1.0" encoding="UTF-8"?>
<!-- Generated by org.testng.reporters.JUnitReportReporter -->
<testsuite hostname="DESKTOP-JLKBKOP" failures="0" tests="2" name="Learning.Mavenjava.SeleniumTest" time="0.008" errors="0" timestamp="2020-08-16T08:14:29 EDT" skipped="0">
  <testcase classname="Learning.Mavenjava.SeleniumTest" name="BrowserAutomation" time="0.008"/>
  <system-out/>
  <testcase classname="Learning.Mavenjava.SeleniumTest" name="ElementsUI" time="0.000"/>
  <system-out/>
</testsuite> <!-- Learning.Mavenjava.SeleniumTest -->
