<?xml version="1.0" encoding="UTF-8"?>
<!-- Generated by org.testng.reporters.JUnitReportReporter -->
<testsuite hostname="DESKTOP-JLKBKOP" failures="0" tests="2" name="Learning.Mavenjava.AppiumTest" time="0.000" errors="0" timestamp="16 Aug 2020 12:45:13 GMT">
  <testcase classname="Learning.Mavenjava.AppiumTest" name="iOS" time="0.000"/>
  <testcase classname="Learning.Mavenjava.AppiumTest" name="NativeAppAndroid" time="0.000"/>
</testsuite> <!-- Learning.Mavenjava.AppiumTest -->
