<?xml version="1.0" encoding="UTF-8"?>
<!-- Generated by org.testng.reporters.JUnitReportReporter -->
<testsuite hostname="DESKTOP-JLKBKOP" failures="0" tests="2" name="Learning.Mavenjava.SeleniumTest" time="0.000" errors="0" timestamp="16 Aug 2020 12:45:13 GMT">
  <testcase classname="Learning.Mavenjava.SeleniumTest" name="ElementsUI" time="0.000"/>
  <testcase classname="Learning.Mavenjava.SeleniumTest" name="BrowserAutomation" time="0.000"/>
</testsuite> <!-- Learning.Mavenjava.SeleniumTest -->
