<?xml version="1.0" encoding="UTF-8"?>
<!-- Generated by org.testng.reporters.JUnitReportReporter -->
<testsuite hostname="DESKTOP-JLKBKOP" failures="0" tests="2" name="Learning.Mavenjava.RestAPITest" time="0.010" errors="0" timestamp="16 Aug 2020 12:45:13 GMT">
  <testcase classname="Learning.Mavenjava.RestAPITest" name="PosJira" time="0.000"/>
  <testcase classname="Learning.Mavenjava.RestAPITest" name="deleteTwitter" time="0.010"/>
</testsuite> <!-- Learning.Mavenjava.RestAPITest -->
