<?xml version="1.0" encoding="UTF-8"?>
<!-- Generated by org.testng.reporters.JUnitReportReporter -->
<testsuite hostname="DESKTOP-JLKBKOP" failures="0" tests="1" name="test.day2" time="0.015" errors="0" timestamp="2020-08-13T07:02:57 EDT" skipped="0">
  <testcase classname="test.day2" name="multipletest" time="0.015"/>
  <system-out/>
</testsuite> <!-- test.day2 -->
