<?xml version="1.0" encoding="UTF-8"?>
<!-- Generated by org.testng.reporters.JUnitReportReporter -->
<testsuite hostname="DESKTOP-JLKBKOP" failures="0" tests="2" name="test.ITestcontext" time="0.016" errors="0" timestamp="2020-08-14T10:26:54 EDT" skipped="0">
  <testcase classname="test.ITestcontext" name="Test2a" time="0.016"/>
  <system-out/>
  <testcase classname="test.ITestcontext" name="Test1a" time="0.000"/>
  <system-out/>
</testsuite> <!-- test.ITestcontext -->
