<?xml version="1.0" encoding="UTF-8"?>
<!-- Generated by org.testng.reporters.JUnitReportReporter -->
<testsuite hostname="DESKTOP-JLKBKOP" failures="0" tests="2" name="test.day3" time="0.000" errors="0" timestamp="2020-08-13T07:02:57 EDT" skipped="0">
  <testcase classname="test.day3" name="webcarLogin" time="0.000"/>
  <system-out/>
  <testcase classname="test.day3" name="mobilecarLogin" time="0.000"/>
  <system-out/>
</testsuite> <!-- test.day3 -->
